make[1]: Entering directory '/workspaces/JUNGLE-Pintos-VM/pintos-kaist/vm/build'
pintos -v -k -T 60 -m 20   --fs-disk=10 -p tests/userprog/args-none:args-none --swap-disk=4 -- -q   -f run args-none < /dev/null 2> tests/userprog/args-none.errors > tests/userprog/args-none.output
perl -I../.. ../../tests/userprog/args-none.ck tests/userprog/args-none tests/userprog/args-none.result
pass tests/userprog/args-none
pintos -v -k -T 60 -m 20   --fs-disk=10 -p tests/userprog/args-single:args-single --swap-disk=4 -- -q   -f run 'args-single onearg' < /dev/null 2> tests/userprog/args-single.errors > tests/userprog/args-single.output
perl -I../.. ../../tests/userprog/args-single.ck tests/userprog/args-single tests/userprog/args-single.result
pass tests/userprog/args-single
pintos -v -k -T 60 -m 20   --fs-disk=10 -p tests/userprog/args-multiple:args-multiple --swap-disk=4 -- -q   -f run 'args-multiple some arguments for you!' < /dev/null 2> tests/userprog/args-multiple.errors > tests/userprog/args-multiple.output
perl -I../.. ../../tests/userprog/args-multiple.ck tests/userprog/args-multiple tests/userprog/args-multiple.result
pass tests/userprog/args-multiple
pintos -v -k -T 60 -m 20   --fs-disk=10 -p tests/userprog/args-many:args-many --swap-disk=4 -- -q   -f run 'args-many a b c d e f g h i j k l m n o p q r s t u v' < /dev/null 2> tests/userprog/args-many.errors > tests/userprog/args-many.output
perl -I../.. ../../tests/userprog/args-many.ck tests/userprog/args-many tests/userprog/args-many.result
pass tests/userprog/args-many
pintos -v -k -T 60 -m 20   --fs-disk=10 -p tests/userprog/args-dbl-space:args-dbl-space --swap-disk=4 -- -q   -f run 'args-dbl-space two  spaces!' < /dev/null 2> tests/userprog/args-dbl-space.errors > tests/userprog/args-dbl-space.output
perl -I../.. ../../tests/userprog/args-dbl-space.ck tests/userprog/args-dbl-space tests/userprog/args-dbl-space.result
pass tests/userprog/args-dbl-space
pintos -v -k -T 60 -m 20   --fs-disk=10 -p tests/userprog/halt:halt --swap-disk=4 -- -q   -f run halt < /dev/null 2> tests/userprog/halt.errors > tests/userprog/halt.output
perl -I../.. ../../tests/userprog/halt.ck tests/userprog/halt tests/userprog/halt.result
pass tests/userprog/halt
pintos -v -k -T 60 -m 20   --fs-disk=10 -p tests/userprog/exit:exit --swap-disk=4 -- -q   -f run exit < /dev/null 2> tests/userprog/exit.errors > tests/userprog/exit.output
perl -I../.. ../../tests/userprog/exit.ck tests/userprog/exit tests/userprog/exit.result
pass tests/userprog/exit
pintos -v -k -T 60 -m 20   --fs-disk=10 -p tests/userprog/create-normal:create-normal --swap-disk=4 -- -q   -f run create-normal < /dev/null 2> tests/userprog/create-normal.errors > tests/userprog/create-normal.output
perl -I../.. ../../tests/userprog/create-normal.ck tests/userprog/create-normal tests/userprog/create-normal.result
FAIL tests/userprog/create-normal
Test output failed to match any acceptable form.

Acceptable output:
  (create-normal) begin
  (create-normal) create quux.dat
  (create-normal) end
  create-normal: exit(0)
Differences in `diff -u' format:
  (create-normal) begin
  (create-normal) create quux.dat
- (create-normal) end
- create-normal: exit(0)
+ create-normal: exit(-1)
pintos -v -k -T 60 -m 20   --fs-disk=10 -p tests/userprog/create-empty:create-empty --swap-disk=4 -- -q   -f run create-empty < /dev/null 2> tests/userprog/create-empty.errors > tests/userprog/create-empty.output
perl -I../.. ../../tests/userprog/create-empty.ck tests/userprog/create-empty tests/userprog/create-empty.result
pass tests/userprog/create-empty
pintos -v -k -T 60 -m 20   --fs-disk=10 -p tests/userprog/create-null:create-null --swap-disk=4 -- -q   -f run create-null < /dev/null 2> tests/userprog/create-null.errors > tests/userprog/create-null.output
perl -I../.. ../../tests/userprog/create-null.ck tests/userprog/create-null tests/userprog/create-null.result
pass tests/userprog/create-null
pintos -v -k -T 60 -m 20   --fs-disk=10 -p tests/userprog/create-bad-ptr:create-bad-ptr --swap-disk=4 -- -q   -f run create-bad-ptr < /dev/null 2> tests/userprog/create-bad-ptr.errors > tests/userprog/create-bad-ptr.output
perl -I../.. ../../tests/userprog/create-bad-ptr.ck tests/userprog/create-bad-ptr tests/userprog/create-bad-ptr.result
pass tests/userprog/create-bad-ptr
pintos -v -k -T 60 -m 20   --fs-disk=10 -p tests/userprog/create-long:create-long --swap-disk=4 -- -q   -f run create-long < /dev/null 2> tests/userprog/create-long.errors > tests/userprog/create-long.output
perl -I../.. ../../tests/userprog/create-long.ck tests/userprog/create-long tests/userprog/create-long.result
pass tests/userprog/create-long
pintos -v -k -T 60 -m 20   --fs-disk=10 -p tests/userprog/create-exists:create-exists --swap-disk=4 -- -q   -f run create-exists < /dev/null 2> tests/userprog/create-exists.errors > tests/userprog/create-exists.output
perl -I../.. ../../tests/userprog/create-exists.ck tests/userprog/create-exists tests/userprog/create-exists.result
FAIL tests/userprog/create-exists
Test output failed to match any acceptable form.

Acceptable output:
  (create-exists) begin
  (create-exists) create quux.dat
  (create-exists) create warble.dat
  (create-exists) try to re-create quux.dat
  (create-exists) create baffle.dat
  (create-exists) try to re-create quux.dat
  (create-exists) end
  create-exists: exit(0)
Differences in `diff -u' format:
  (create-exists) begin
  (create-exists) create quux.dat
- (create-exists) create warble.dat
- (create-exists) try to re-create quux.dat
- (create-exists) create baffle.dat
- (create-exists) try to re-create quux.dat
- (create-exists) end
- create-exists: exit(0)
+ create-exists: exit(-1)
pintos -v -k -T 60 -m 20   --fs-disk=10 -p tests/userprog/create-bound:create-bound --swap-disk=4 -- -q   -f run create-bound < /dev/null 2> tests/userprog/create-bound.errors > tests/userprog/create-bound.output
perl -I../.. ../../tests/userprog/create-bound.ck tests/userprog/create-bound tests/userprog/create-bound.result
pass tests/userprog/create-bound
pintos -v -k -T 60 -m 20   --fs-disk=10 -p tests/userprog/open-normal:open-normal -p ../../tests/userprog/sample.txt:sample.txt --swap-disk=4 -- -q   -f run open-normal < /dev/null 2> tests/userprog/open-normal.errors > tests/userprog/open-normal.output
perl -I../.. ../../tests/userprog/open-normal.ck tests/userprog/open-normal tests/userprog/open-normal.result
FAIL tests/userprog/open-normal
Test output failed to match any acceptable form.

Acceptable output:
  (open-normal) begin
  (open-normal) end
  open-normal: exit(0)
Differences in `diff -u' format:
  (open-normal) begin
- (open-normal) end
- open-normal: exit(0)
+ open-normal: exit(-1)
pintos -v -k -T 60 -m 20   --fs-disk=10 -p tests/userprog/open-missing:open-missing --swap-disk=4 -- -q   -f run open-missing < /dev/null 2> tests/userprog/open-missing.errors > tests/userprog/open-missing.output
perl -I../.. ../../tests/userprog/open-missing.ck tests/userprog/open-missing tests/userprog/open-missing.result
FAIL tests/userprog/open-missing
Test output failed to match any acceptable form.

Acceptable output:
  (open-missing) begin
  (open-missing) end
  open-missing: exit(0)
Differences in `diff -u' format:
  (open-missing) begin
- (open-missing) end
- open-missing: exit(0)
+ open-missing: exit(-1)
pintos -v -k -T 60 -m 20   --fs-disk=10 -p tests/userprog/open-boundary:open-boundary -p ../../tests/userprog/sample.txt:sample.txt --swap-disk=4 -- -q   -f run open-boundary < /dev/null 2> tests/userprog/open-boundary.errors > tests/userprog/open-boundary.output
perl -I../.. ../../tests/userprog/open-boundary.ck tests/userprog/open-boundary tests/userprog/open-boundary.result
pass tests/userprog/open-boundary
pintos -v -k -T 60 -m 20   --fs-disk=10 -p tests/userprog/open-empty:open-empty --swap-disk=4 -- -q   -f run open-empty < /dev/null 2> tests/userprog/open-empty.errors > tests/userprog/open-empty.output
perl -I../.. ../../tests/userprog/open-empty.ck tests/userprog/open-empty tests/userprog/open-empty.result
FAIL tests/userprog/open-empty
Test output failed to match any acceptable form.

Acceptable output:
  (open-empty) begin
  (open-empty) end
  open-empty: exit(0)
Differences in `diff -u' format:
  (open-empty) begin
- (open-empty) end
- open-empty: exit(0)
+ open-empty: exit(-1)
pintos -v -k -T 60 -m 20   --fs-disk=10 -p tests/userprog/open-null:open-null --swap-disk=4 -- -q   -f run open-null < /dev/null 2> tests/userprog/open-null.errors > tests/userprog/open-null.output
perl -I../.. ../../tests/userprog/open-null.ck tests/userprog/open-null tests/userprog/open-null.result
pass tests/userprog/open-null
pintos -v -k -T 60 -m 20   --fs-disk=10 -p tests/userprog/open-bad-ptr:open-bad-ptr --swap-disk=4 -- -q   -f run open-bad-ptr < /dev/null 2> tests/userprog/open-bad-ptr.errors > tests/userprog/open-bad-ptr.output
perl -I../.. ../../tests/userprog/open-bad-ptr.ck tests/userprog/open-bad-ptr tests/userprog/open-bad-ptr.result
pass tests/userprog/open-bad-ptr
pintos -v -k -T 60 -m 20   --fs-disk=10 -p tests/userprog/open-twice:open-twice -p ../../tests/userprog/sample.txt:sample.txt --swap-disk=4 -- -q   -f run open-twice < /dev/null 2> tests/userprog/open-twice.errors > tests/userprog/open-twice.output
perl -I../.. ../../tests/userprog/open-twice.ck tests/userprog/open-twice tests/userprog/open-twice.result
FAIL tests/userprog/open-twice
Test output failed to match any acceptable form.

Acceptable output:
  (open-twice) begin
  (open-twice) open "sample.txt" once
  (open-twice) open "sample.txt" again
  (open-twice) end
  open-twice: exit(0)
Differences in `diff -u' format:
  (open-twice) begin
- (open-twice) open "sample.txt" once
- (open-twice) open "sample.txt" again
- (open-twice) end
- open-twice: exit(0)
+ open-twice: exit(-1)
pintos -v -k -T 60 -m 20   --fs-disk=10 -p tests/userprog/close-normal:close-normal -p ../../tests/userprog/sample.txt:sample.txt --swap-disk=4 -- -q   -f run close-normal < /dev/null 2> tests/userprog/close-normal.errors > tests/userprog/close-normal.output
perl -I../.. ../../tests/userprog/close-normal.ck tests/userprog/close-normal tests/userprog/close-normal.result
FAIL tests/userprog/close-normal
Test output failed to match any acceptable form.

Acceptable output:
  (close-normal) begin
  (close-normal) open "sample.txt"
  (close-normal) close "sample.txt"
  (close-normal) end
  close-normal: exit(0)
Differences in `diff -u' format:
  (close-normal) begin
  (close-normal) open "sample.txt"
- (close-normal) close "sample.txt"
- (close-normal) end
- close-normal: exit(0)
+ close-normal: exit(-1)
pintos -v -k -T 60 -m 20   --fs-disk=10 -p tests/userprog/close-twice:close-twice -p ../../tests/userprog/sample.txt:sample.txt --swap-disk=4 -- -q   -f run close-twice < /dev/null 2> tests/userprog/close-twice.errors > tests/userprog/close-twice.output
perl -I../.. ../../tests/userprog/close-twice.ck tests/userprog/close-twice tests/userprog/close-twice.result
FAIL tests/userprog/close-twice
Test output failed to match any acceptable form.

Acceptable output:
  (close-twice) begin
  (close-twice) open "sample.txt"
  (close-twice) close "sample.txt"
  (close-twice) close "sample.txt" again
  close-twice: exit(-1)
Differences in `diff -u' format:
  (close-twice) begin
  (close-twice) open "sample.txt"
- (close-twice) close "sample.txt"
- (close-twice) close "sample.txt" again
  close-twice: exit(-1)
Acceptable output:
  (close-twice) begin
  (close-twice) open "sample.txt"
  (close-twice) close "sample.txt"
  (close-twice) close "sample.txt" again
  (close-twice) end
  close-twice: exit(0)
Differences in `diff -u' format:
  (close-twice) begin
  (close-twice) open "sample.txt"
- (close-twice) close "sample.txt"
- (close-twice) close "sample.txt" again
- (close-twice) end
- close-twice: exit(0)
+ close-twice: exit(-1)
pintos -v -k -T 60 -m 20   --fs-disk=10 -p tests/userprog/close-bad-fd:close-bad-fd --swap-disk=4 -- -q   -f run close-bad-fd < /dev/null 2> tests/userprog/close-bad-fd.errors > tests/userprog/close-bad-fd.output
perl -I../.. ../../tests/userprog/close-bad-fd.ck tests/userprog/close-bad-fd tests/userprog/close-bad-fd.result
pass tests/userprog/close-bad-fd
pintos -v -k -T 60 -m 20   --fs-disk=10 -p tests/userprog/read-normal:read-normal -p ../../tests/userprog/sample.txt:sample.txt --swap-disk=4 -- -q   -f run read-normal < /dev/null 2> tests/userprog/read-normal.errors > tests/userprog/read-normal.output
perl -I../.. ../../tests/userprog/read-normal.ck tests/userprog/read-normal tests/userprog/read-normal.result
FAIL tests/userprog/read-normal
Test output failed to match any acceptable form.

Acceptable output:
  (read-normal) begin
  (read-normal) open "sample.txt" for verification
  (read-normal) verified contents of "sample.txt"
  (read-normal) close "sample.txt"
  (read-normal) end
  read-normal: exit(0)
Differences in `diff -u' format:
  (read-normal) begin
  (read-normal) open "sample.txt" for verification
- (read-normal) verified contents of "sample.txt"
- (read-normal) close "sample.txt"
- (read-normal) end
- read-normal: exit(0)
+ read-normal: exit(-1)
pintos -v -k -T 60 -m 20   --fs-disk=10 -p tests/userprog/read-bad-ptr:read-bad-ptr -p ../../tests/userprog/sample.txt:sample.txt --swap-disk=4 -- -q   -f run read-bad-ptr < /dev/null 2> tests/userprog/read-bad-ptr.errors > tests/userprog/read-bad-ptr.output
perl -I../.. ../../tests/userprog/read-bad-ptr.ck tests/userprog/read-bad-ptr tests/userprog/read-bad-ptr.result
pass tests/userprog/read-bad-ptr
pintos -v -k -T 60 -m 20   --fs-disk=10 -p tests/userprog/read-boundary:read-boundary -p ../../tests/userprog/sample.txt:sample.txt --swap-disk=4 -- -q   -f run read-boundary < /dev/null 2> tests/userprog/read-boundary.errors > tests/userprog/read-boundary.output
perl -I../.. ../../tests/userprog/read-boundary.ck tests/userprog/read-boundary tests/userprog/read-boundary.result
FAIL tests/userprog/read-boundary
Test output failed to match any acceptable form.

Acceptable output:
  (read-boundary) begin
  (read-boundary) open "sample.txt"
  (read-boundary) end
  read-boundary: exit(0)
Differences in `diff -u' format:
  (read-boundary) begin
  (read-boundary) open "sample.txt"
- (read-boundary) end
- read-boundary: exit(0)
+ read-boundary: exit(-1)
pintos -v -k -T 60 -m 20   --fs-disk=10 -p tests/userprog/read-zero:read-zero -p ../../tests/userprog/sample.txt:sample.txt --swap-disk=4 -- -q   -f run read-zero < /dev/null 2> tests/userprog/read-zero.errors > tests/userprog/read-zero.output
perl -I../.. ../../tests/userprog/read-zero.ck tests/userprog/read-zero tests/userprog/read-zero.result
FAIL tests/userprog/read-zero
Test output failed to match any acceptable form.

Acceptable output:
  (read-zero) begin
  (read-zero) open "sample.txt"
  (read-zero) end
  read-zero: exit(0)
Differences in `diff -u' format:
  (read-zero) begin
  (read-zero) open "sample.txt"
- (read-zero) end
- read-zero: exit(0)
+ read-zero: exit(-1)
pintos -v -k -T 60 -m 20   --fs-disk=10 -p tests/userprog/read-stdout:read-stdout --swap-disk=4 -- -q   -f run read-stdout < /dev/null 2> tests/userprog/read-stdout.errors > tests/userprog/read-stdout.output
perl -I../.. ../../tests/userprog/read-stdout.ck tests/userprog/read-stdout tests/userprog/read-stdout.result
pass tests/userprog/read-stdout
pintos -v -k -T 60 -m 20   --fs-disk=10 -p tests/userprog/read-bad-fd:read-bad-fd --swap-disk=4 -- -q   -f run read-bad-fd < /dev/null 2> tests/userprog/read-bad-fd.errors > tests/userprog/read-bad-fd.output
perl -I../.. ../../tests/userprog/read-bad-fd.ck tests/userprog/read-bad-fd tests/userprog/read-bad-fd.result
pass tests/userprog/read-bad-fd
pintos -v -k -T 60 -m 20   --fs-disk=10 -p tests/userprog/write-normal:write-normal -p ../../tests/userprog/sample.txt:sample.txt --swap-disk=4 -- -q   -f run write-normal < /dev/null 2> tests/userprog/write-normal.errors > tests/userprog/write-normal.output
perl -I../.. ../../tests/userprog/write-normal.ck tests/userprog/write-normal tests/userprog/write-normal.result
FAIL tests/userprog/write-normal
Test output failed to match any acceptable form.

Acceptable output:
  (write-normal) begin
  (write-normal) create "test.txt"
  (write-normal) open "test.txt"
  (write-normal) end
  write-normal: exit(0)
Differences in `diff -u' format:
  (write-normal) begin
  (write-normal) create "test.txt"
- (write-normal) open "test.txt"
- (write-normal) end
- write-normal: exit(0)
+ write-normal: exit(-1)
pintos -v -k -T 60 -m 20   --fs-disk=10 -p tests/userprog/write-bad-ptr:write-bad-ptr -p ../../tests/userprog/sample.txt:sample.txt --swap-disk=4 -- -q   -f run write-bad-ptr < /dev/null 2> tests/userprog/write-bad-ptr.errors > tests/userprog/write-bad-ptr.output
perl -I../.. ../../tests/userprog/write-bad-ptr.ck tests/userprog/write-bad-ptr tests/userprog/write-bad-ptr.result
pass tests/userprog/write-bad-ptr
pintos -v -k -T 60 -m 20   --fs-disk=10 -p tests/userprog/write-boundary:write-boundary -p ../../tests/userprog/sample.txt:sample.txt --swap-disk=4 -- -q   -f run write-boundary < /dev/null 2> tests/userprog/write-boundary.errors > tests/userprog/write-boundary.output
perl -I../.. ../../tests/userprog/write-boundary.ck tests/userprog/write-boundary tests/userprog/write-boundary.result
FAIL tests/userprog/write-boundary
Test output failed to match any acceptable form.

Acceptable output:
  (write-boundary) begin
  (write-boundary) open "sample.txt"
  (write-boundary) end
  write-boundary: exit(0)
Differences in `diff -u' format:
  (write-boundary) begin
  (write-boundary) open "sample.txt"
- (write-boundary) end
- write-boundary: exit(0)
+ write-boundary: exit(-1)
pintos -v -k -T 60 -m 20   --fs-disk=10 -p tests/userprog/write-zero:write-zero -p ../../tests/userprog/sample.txt:sample.txt --swap-disk=4 -- -q   -f run write-zero < /dev/null 2> tests/userprog/write-zero.errors > tests/userprog/write-zero.output
perl -I../.. ../../tests/userprog/write-zero.ck tests/userprog/write-zero tests/userprog/write-zero.result
FAIL tests/userprog/write-zero
Test output failed to match any acceptable form.

Acceptable output:
  (write-zero) begin
  (write-zero) open "sample.txt"
  (write-zero) end
  write-zero: exit(0)
Differences in `diff -u' format:
  (write-zero) begin
  (write-zero) open "sample.txt"
- (write-zero) end
- write-zero: exit(0)
+ write-zero: exit(-1)
pintos -v -k -T 60 -m 20   --fs-disk=10 -p tests/userprog/write-stdin:write-stdin --swap-disk=4 -- -q   -f run write-stdin < /dev/null 2> tests/userprog/write-stdin.errors > tests/userprog/write-stdin.output
perl -I../.. ../../tests/userprog/write-stdin.ck tests/userprog/write-stdin tests/userprog/write-stdin.result
pass tests/userprog/write-stdin
pintos -v -k -T 60 -m 20   --fs-disk=10 -p tests/userprog/write-bad-fd:write-bad-fd --swap-disk=4 -- -q   -f run write-bad-fd < /dev/null 2> tests/userprog/write-bad-fd.errors > tests/userprog/write-bad-fd.output
perl -I../.. ../../tests/userprog/write-bad-fd.ck tests/userprog/write-bad-fd tests/userprog/write-bad-fd.result
pass tests/userprog/write-bad-fd
pintos -v -k -T 60 -m 20   --fs-disk=10 -p tests/userprog/fork-once:fork-once --swap-disk=4 -- -q   -f run fork-once < /dev/null 2> tests/userprog/fork-once.errors > tests/userprog/fork-once.output
perl -I../.. ../../tests/userprog/fork-once.ck tests/userprog/fork-once tests/userprog/fork-once.result
pass tests/userprog/fork-once
pintos -v -k -T 60 -m 20   --fs-disk=10 -p tests/userprog/fork-multiple:fork-multiple --swap-disk=4 -- -q   -f run fork-multiple < /dev/null 2> tests/userprog/fork-multiple.errors > tests/userprog/fork-multiple.output
perl -I../.. ../../tests/userprog/fork-multiple.ck tests/userprog/fork-multiple tests/userprog/fork-multiple.result
pass tests/userprog/fork-multiple
pintos -v -k -T 60 -m 20   --fs-disk=10 -p tests/userprog/fork-recursive:fork-recursive --swap-disk=4 -- -q   -f run fork-recursive < /dev/null 2> tests/userprog/fork-recursive.errors > tests/userprog/fork-recursive.output
perl -I../.. ../../tests/userprog/fork-recursive.ck tests/userprog/fork-recursive tests/userprog/fork-recursive.result
pass tests/userprog/fork-recursive
pintos -v -k -T 60 -m 20   --fs-disk=10 -p tests/userprog/fork-read:fork-read -p ../../tests/userprog/sample.txt:sample.txt --swap-disk=4 -- -q   -f run fork-read < /dev/null 2> tests/userprog/fork-read.errors > tests/userprog/fork-read.output
perl -I../.. ../../tests/userprog/fork-read.ck tests/userprog/fork-read tests/userprog/fork-read.result
FAIL tests/userprog/fork-read
Test output failed to match any acceptable form.

Acceptable output:
  (fork-read) begin
  (fork-read) open "sample.txt"
  (fork-read) child run
  (fork-read) Child: pintos is funny!
  (fork-read) end
  child: exit(0)
  (fork-read) Parent success
  (fork-read) end
  fork-read: exit(0)
Differences in `diff -u' format:
  (fork-read) begin
  (fork-read) open "sample.txt"
- (fork-read) child run
- (fork-read) Child: pintos is funny!
- (fork-read) end
- child: exit(0)
- (fork-read) Parent success
- (fork-read) end
- fork-read: exit(0)
+ fork-read: exit(-1)
pintos -v -k -T 60 -m 20   --fs-disk=10 -p tests/userprog/fork-close:fork-close -p ../../tests/userprog/sample.txt:sample.txt --swap-disk=4 -- -q   -f run fork-close < /dev/null 2> tests/userprog/fork-close.errors > tests/userprog/fork-close.output
perl -I../.. ../../tests/userprog/fork-close.ck tests/userprog/fork-close tests/userprog/fork-close.result
FAIL tests/userprog/fork-close
Test output failed to match any acceptable form.

Acceptable output:
  (fork-close) begin
  (fork-close) open "sample.txt"
  (fork-close) child run
  (fork-close) end
  child: exit(0)
  (fork-close) Parent success
  (fork-close) end
  fork-close: exit(0)
Differences in `diff -u' format:
  (fork-close) begin
  (fork-close) open "sample.txt"
- (fork-close) child run
- (fork-close) end
- child: exit(0)
- (fork-close) Parent success
- (fork-close) end
- fork-close: exit(0)
+ fork-close: exit(-1)
pintos -v -k -T 60 -m 20   --fs-disk=10 -p tests/userprog/fork-boundary:fork-boundary --swap-disk=4 -- -q   -f run fork-boundary < /dev/null 2> tests/userprog/fork-boundary.errors > tests/userprog/fork-boundary.output
perl -I../.. ../../tests/userprog/fork-boundary.ck tests/userprog/fork-boundary tests/userprog/fork-boundary.result
pass tests/userprog/fork-boundary
pintos -v -k -T 60 -m 20   --fs-disk=10 -p tests/userprog/exec-once:exec-once -p tests/userprog/child-simple:child-simple --swap-disk=4 -- -q   -f run exec-once < /dev/null 2> tests/userprog/exec-once.errors > tests/userprog/exec-once.output
perl -I../.. ../../tests/userprog/exec-once.ck tests/userprog/exec-once tests/userprog/exec-once.result
FAIL tests/userprog/exec-once
Test output failed to match any acceptable form.

Acceptable output:
  (exec-once) begin
  (exec-once) I'm your father
  (child-simple) run
  exec-once: exit(81)
Differences in `diff -u' format:
  (exec-once) begin
  (exec-once) I'm your father
- (child-simple) run
- exec-once: exit(81)
+ exec-once: exit(-1)
pintos -v -k -T 60 -m 20   --fs-disk=10 -p tests/userprog/exec-arg:exec-arg -p tests/userprog/child-args:child-args --swap-disk=4 -- -q   -f run exec-arg < /dev/null 2> tests/userprog/exec-arg.errors > tests/userprog/exec-arg.output
perl -I../.. ../../tests/userprog/exec-arg.ck tests/userprog/exec-arg tests/userprog/exec-arg.result
FAIL tests/userprog/exec-arg
Test output failed to match any acceptable form.

Acceptable output:
  (exec-arg) begin
  (exec-arg) I'm your father
  (args) begin
  (args) argc = 2
  (args) argv[0] = 'child-args'
  (args) argv[1] = 'childarg'
  (args) argv[2] = null
  (args) end
  exec-arg: exit(0)
Differences in `diff -u' format:
  (exec-arg) begin
  (exec-arg) I'm your father
- (args) begin
- (args) argc = 2
- (args) argv[0] = 'child-args'
- (args) argv[1] = 'childarg'
- (args) argv[2] = null
- (args) end
- exec-arg: exit(0)
+ exec-arg: exit(-1)
pintos -v -k -T 60 -m 20   --fs-disk=10 -p tests/userprog/exec-boundary:exec-boundary -p tests/userprog/child-simple:child-simple --swap-disk=4 -- -q   -f run exec-boundary < /dev/null 2> tests/userprog/exec-boundary.errors > tests/userprog/exec-boundary.output
perl -I../.. ../../tests/userprog/exec-boundary.ck tests/userprog/exec-boundary tests/userprog/exec-boundary.result
pass tests/userprog/exec-boundary
pintos -v -k -T 60 -m 20   --fs-disk=10 -p tests/userprog/exec-missing:exec-missing --swap-disk=4 -- -q   -f run exec-missing < /dev/null 2> tests/userprog/exec-missing.errors > tests/userprog/exec-missing.output
perl -I../.. ../../tests/userprog/exec-missing.ck tests/userprog/exec-missing tests/userprog/exec-missing.result
FAIL tests/userprog/exec-missing
Test output failed to match any acceptable form.

Acceptable output:
  (exec-missing) begin
  (exec-missing) exec("no-such-file"): -1
  exec-missing: exit(-1)
Differences in `diff -u' format:
  (exec-missing) begin
- (exec-missing) exec("no-such-file"): -1
  exec-missing: exit(-1)
Acceptable output:
  (exec-missing) begin
  load: no-such-file: open failed
  exec-missing: exit(-1)
Differences in `diff -u' format:
  (exec-missing) begin
- load: no-such-file: open failed
  exec-missing: exit(-1)
pintos -v -k -T 60 -m 20   --fs-disk=10 -p tests/userprog/exec-bad-ptr:exec-bad-ptr --swap-disk=4 -- -q   -f run exec-bad-ptr < /dev/null 2> tests/userprog/exec-bad-ptr.errors > tests/userprog/exec-bad-ptr.output
perl -I../.. ../../tests/userprog/exec-bad-ptr.ck tests/userprog/exec-bad-ptr tests/userprog/exec-bad-ptr.result
pass tests/userprog/exec-bad-ptr
pintos -v -k -T 60 -m 20   --fs-disk=10 -p tests/userprog/exec-read:exec-read -p ../../tests/userprog/sample.txt:sample.txt -p tests/userprog/child-read:child-read --swap-disk=4 -- -q   -f run exec-read < /dev/null 2> tests/userprog/exec-read.errors > tests/userprog/exec-read.output
perl -I../.. ../../tests/userprog/exec-read.ck tests/userprog/exec-read tests/userprog/exec-read.result
FAIL tests/userprog/exec-read
Test output failed to match any acceptable form.

Acceptable output:
  (exec-read) begin
  (exec-read) open "sample.txt"
  (exec-read) read "sample.txt" first 20 bytes
  (child-read) begin
  (child-read) open "sample.txt"
  (child-read) read "sample.txt" first 20 bytes
  (child-read) read "sample.txt" remainders
  (child-read) Child success
  (child-read) end
  child-read: exit(0)
  (exec-read) Parent success
  (exec-read) end
  exec-read: exit(0)
Differences in `diff -u' format:
  (exec-read) begin
  (exec-read) open "sample.txt"
- (exec-read) read "sample.txt" first 20 bytes
- (child-read) begin
- (child-read) open "sample.txt"
- (child-read) read "sample.txt" first 20 bytes
- (child-read) read "sample.txt" remainders
- (child-read) Child success
- (child-read) end
- child-read: exit(0)
- (exec-read) Parent success
- (exec-read) end
- exec-read: exit(0)
+ exec-read: exit(-1)
pintos -v -k -T 60 -m 20   --fs-disk=10 -p tests/userprog/wait-simple:wait-simple -p tests/userprog/child-simple:child-simple --swap-disk=4 -- -q   -f run wait-simple < /dev/null 2> tests/userprog/wait-simple.errors > tests/userprog/wait-simple.output
perl -I../.. ../../tests/userprog/wait-simple.ck tests/userprog/wait-simple tests/userprog/wait-simple.result
FAIL tests/userprog/wait-simple
Test output failed to match any acceptable form.

Acceptable output:
  (wait-simple) begin
  (child-simple) run
  child-simple: exit(81)
  (wait-simple) wait(exec()) = 81
  (wait-simple) end
  wait-simple: exit(0)
Differences in `diff -u' format:
  (wait-simple) begin
- (child-simple) run
- child-simple: exit(81)
- (wait-simple) wait(exec()) = 81
+ child-simple: exit(-1)
+ (wait-simple) wait(exec()) = -1
  (wait-simple) end
  wait-simple: exit(0)
pintos -v -k -T 60 -m 20   --fs-disk=10 -p tests/userprog/wait-twice:wait-twice -p tests/userprog/child-simple:child-simple --swap-disk=4 -- -q   -f run wait-twice < /dev/null 2> tests/userprog/wait-twice.errors > tests/userprog/wait-twice.output
perl -I../.. ../../tests/userprog/wait-twice.ck tests/userprog/wait-twice tests/userprog/wait-twice.result
FAIL tests/userprog/wait-twice
Test output failed to match any acceptable form.

Acceptable output:
  (wait-twice) begin
  (child-simple) run
  child-simple: exit(81)
  (wait-twice) wait(exec()) = 81
  (wait-twice) wait(exec()) = -1
  (wait-twice) end
  wait-twice: exit(0)
Differences in `diff -u' format:
  (wait-twice) begin
- (child-simple) run
- child-simple: exit(81)
- (wait-twice) wait(exec()) = 81
+ child-simple: exit(-1)
+ (wait-twice) wait(exec()) = -1
  (wait-twice) wait(exec()) = -1
  (wait-twice) end
  wait-twice: exit(0)
pintos -v -k -T 60 -m 20   --fs-disk=10 -p tests/userprog/wait-killed:wait-killed -p tests/userprog/child-bad:child-bad --swap-disk=4 -- -q   -f run wait-killed < /dev/null 2> tests/userprog/wait-killed.errors > tests/userprog/wait-killed.output
perl -I../.. ../../tests/userprog/wait-killed.ck tests/userprog/wait-killed tests/userprog/wait-killed.result
FAIL tests/userprog/wait-killed
Test output failed to match any acceptable form.

Acceptable output:
  (wait-killed) begin
  (child-bad) begin
  load: pintos: open failed
  child-bad: exit(-1)
  (wait-killed) wait(exec()) = -1
  (wait-killed) end
  wait-killed: exit(0)
Differences in `diff -u' format:
  (wait-killed) begin
- (child-bad) begin
- load: pintos: open failed
  child-bad: exit(-1)
  (wait-killed) wait(exec()) = -1
  (wait-killed) end
  wait-killed: exit(0)
Acceptable output:
  (wait-killed) begin
  (child-bad) begin
  child-bad: exit(-1)
  (wait-killed) wait(exec()) = -1
  (wait-killed) end
  wait-killed: exit(0)
Differences in `diff -u' format:
  (wait-killed) begin
- (child-bad) begin
  child-bad: exit(-1)
  (wait-killed) wait(exec()) = -1
  (wait-killed) end
  wait-killed: exit(0)
pintos -v -k -T 60 -m 20   --fs-disk=10 -p tests/userprog/wait-bad-pid:wait-bad-pid --swap-disk=4 -- -q   -f run wait-bad-pid < /dev/null 2> tests/userprog/wait-bad-pid.errors > tests/userprog/wait-bad-pid.output
perl -I../.. ../../tests/userprog/wait-bad-pid.ck tests/userprog/wait-bad-pid tests/userprog/wait-bad-pid.result
pass tests/userprog/wait-bad-pid
pintos -v -k -T 60 -m 20   --fs-disk=10 -p tests/userprog/multi-recurse:multi-recurse --swap-disk=4 -- -q   -f run 'multi-recurse 15' < /dev/null 2> tests/userprog/multi-recurse.errors > tests/userprog/multi-recurse.output
perl -I../.. ../../tests/userprog/multi-recurse.ck tests/userprog/multi-recurse tests/userprog/multi-recurse.result
pass tests/userprog/multi-recurse
pintos -v -k -T 60 -m 20   --fs-disk=10 -p tests/userprog/multi-child-fd:multi-child-fd -p ../../tests/userprog/sample.txt:sample.txt -p tests/userprog/child-close:child-close --swap-disk=4 -- -q   -f run multi-child-fd < /dev/null 2> tests/userprog/multi-child-fd.errors > tests/userprog/multi-child-fd.output
perl -I../.. ../../tests/userprog/multi-child-fd.ck tests/userprog/multi-child-fd tests/userprog/multi-child-fd.result
FAIL tests/userprog/multi-child-fd
Test output failed to match any acceptable form.

Acceptable output:
  (multi-child-fd) begin
  (multi-child-fd) open "sample.txt"
  (child-close) begin
  (child-close) verified contents of "sample.txt"
  (child-close) end
  child-close: exit(0)
  (multi-child-fd) wait(exec()) = 0
  (multi-child-fd) verified contents of "sample.txt"
  (multi-child-fd) end
  multi-child-fd: exit(0)
Differences in `diff -u' format:
  (multi-child-fd) begin
  (multi-child-fd) open "sample.txt"
- (child-close) begin
- (child-close) verified contents of "sample.txt"
- (child-close) end
- child-close: exit(0)
- (multi-child-fd) wait(exec()) = 0
- (multi-child-fd) verified contents of "sample.txt"
- (multi-child-fd) end
- multi-child-fd: exit(0)
+ multi-child-fd: exit(-1)
pintos -v -k -T 60 -m 20   --fs-disk=10 -p tests/userprog/rox-simple:rox-simple --swap-disk=4 -- -q   -f run rox-simple < /dev/null 2> tests/userprog/rox-simple.errors > tests/userprog/rox-simple.output
perl -I../.. ../../tests/userprog/rox-simple.ck tests/userprog/rox-simple tests/userprog/rox-simple.result
FAIL tests/userprog/rox-simple
Test output failed to match any acceptable form.

Acceptable output:
  (rox-simple) begin
  (rox-simple) open "rox-simple"
  (rox-simple) read "rox-simple"
  (rox-simple) try to write "rox-simple"
  (rox-simple) end
  rox-simple: exit(0)
Differences in `diff -u' format:
  (rox-simple) begin
  (rox-simple) open "rox-simple"
- (rox-simple) read "rox-simple"
- (rox-simple) try to write "rox-simple"
- (rox-simple) end
- rox-simple: exit(0)
+ rox-simple: exit(-1)
pintos -v -k -T 60 -m 20   --fs-disk=10 -p tests/userprog/rox-child:rox-child -p tests/userprog/child-rox:child-rox --swap-disk=4 -- -q   -f run rox-child < /dev/null 2> tests/userprog/rox-child.errors > tests/userprog/rox-child.output
perl -I../.. ../../tests/userprog/rox-child.ck tests/userprog/rox-child tests/userprog/rox-child.result
FAIL tests/userprog/rox-child
Test output failed to match any acceptable form.

Acceptable output:
  (rox-child) begin
  (rox-child) open "child-rox"
  (rox-child) read "child-rox"
  (rox-child) write "child-rox"
  (rox-child) exec "child-rox 1"
  (child-rox) begin
  (child-rox) try to write "child-rox"
  (child-rox) try to write "child-rox"
  (child-rox) end
  child-rox: exit(12)
  (rox-child) write "child-rox"
  (rox-child) end
  rox-child: exit(0)
Differences in `diff -u' format:
  (rox-child) begin
  (rox-child) open "child-rox"
- (rox-child) read "child-rox"
- (rox-child) write "child-rox"
- (rox-child) exec "child-rox 1"
- (child-rox) begin
- (child-rox) try to write "child-rox"
- (child-rox) try to write "child-rox"
- (child-rox) end
- child-rox: exit(12)
- (rox-child) write "child-rox"
- (rox-child) end
- rox-child: exit(0)
+ rox-child: exit(-1)
pintos -v -k -T 60 -m 20   --fs-disk=10 -p tests/userprog/rox-multichild:rox-multichild -p tests/userprog/child-rox:child-rox --swap-disk=4 -- -q   -f run rox-multichild < /dev/null 2> tests/userprog/rox-multichild.errors > tests/userprog/rox-multichild.output
perl -I../.. ../../tests/userprog/rox-multichild.ck tests/userprog/rox-multichild tests/userprog/rox-multichild.result
FAIL tests/userprog/rox-multichild
Test output failed to match any acceptable form.

Acceptable output:
  (rox-multichild) begin
  (rox-multichild) open "child-rox"
  (rox-multichild) read "child-rox"
  (rox-multichild) write "child-rox"
  (rox-multichild) exec "child-rox 5"
  (child-rox) begin
  (child-rox) try to write "child-rox"
  (child-rox) exec "child-rox 4"
  (child-rox) begin
  (child-rox) try to write "child-rox"
  (child-rox) exec "child-rox 3"
  (child-rox) begin
  (child-rox) try to write "child-rox"
  (child-rox) exec "child-rox 2"
  (child-rox) begin
  (child-rox) try to write "child-rox"
  (child-rox) exec "child-rox 1"
  (child-rox) begin
  (child-rox) try to write "child-rox"
  (child-rox) try to write "child-rox"
  (child-rox) end
  child-rox: exit(12)
  (child-rox) try to write "child-rox"
  (child-rox) end
  child-rox: exit(12)
  (child-rox) try to write "child-rox"
  (child-rox) end
  child-rox: exit(12)
  (child-rox) try to write "child-rox"
  (child-rox) end
  child-rox: exit(12)
  (child-rox) try to write "child-rox"
  (child-rox) end
  child-rox: exit(12)
  (rox-multichild) write "child-rox"
  (rox-multichild) end
  rox-multichild: exit(0)
Differences in `diff -u' format:
  (rox-multichild) begin
  (rox-multichild) open "child-rox"
- (rox-multichild) read "child-rox"
- (rox-multichild) write "child-rox"
- (rox-multichild) exec "child-rox 5"
- (child-rox) begin
- (child-rox) try to write "child-rox"
- (child-rox) exec "child-rox 4"
- (child-rox) begin
- (child-rox) try to write "child-rox"
- (child-rox) exec "child-rox 3"
- (child-rox) begin
- (child-rox) try to write "child-rox"
- (child-rox) exec "child-rox 2"
- (child-rox) begin
- (child-rox) try to write "child-rox"
- (child-rox) exec "child-rox 1"
- (child-rox) begin
- (child-rox) try to write "child-rox"
- (child-rox) try to write "child-rox"
- (child-rox) end
- child-rox: exit(12)
- (child-rox) try to write "child-rox"
- (child-rox) end
- child-rox: exit(12)
- (child-rox) try to write "child-rox"
- (child-rox) end
- child-rox: exit(12)
- (child-rox) try to write "child-rox"
- (child-rox) end
- child-rox: exit(12)
- (child-rox) try to write "child-rox"
- (child-rox) end
- child-rox: exit(12)
- (rox-multichild) write "child-rox"
- (rox-multichild) end
- rox-multichild: exit(0)
+ rox-multichild: exit(-1)
pintos -v -k -T 60 -m 20   --fs-disk=10 -p tests/userprog/bad-read:bad-read --swap-disk=4 -- -q   -f run bad-read < /dev/null 2> tests/userprog/bad-read.errors > tests/userprog/bad-read.output
perl -I../.. ../../tests/userprog/bad-read.ck tests/userprog/bad-read tests/userprog/bad-read.result
pass tests/userprog/bad-read
pintos -v -k -T 60 -m 20   --fs-disk=10 -p tests/userprog/bad-write:bad-write --swap-disk=4 -- -q   -f run bad-write < /dev/null 2> tests/userprog/bad-write.errors > tests/userprog/bad-write.output
perl -I../.. ../../tests/userprog/bad-write.ck tests/userprog/bad-write tests/userprog/bad-write.result
pass tests/userprog/bad-write
pintos -v -k -T 60 -m 20   --fs-disk=10 -p tests/userprog/bad-read2:bad-read2 --swap-disk=4 -- -q   -f run bad-read2 < /dev/null 2> tests/userprog/bad-read2.errors > tests/userprog/bad-read2.output
perl -I../.. ../../tests/userprog/bad-read2.ck tests/userprog/bad-read2 tests/userprog/bad-read2.result
pass tests/userprog/bad-read2
pintos -v -k -T 60 -m 20   --fs-disk=10 -p tests/userprog/bad-write2:bad-write2 --swap-disk=4 -- -q   -f run bad-write2 < /dev/null 2> tests/userprog/bad-write2.errors > tests/userprog/bad-write2.output
perl -I../.. ../../tests/userprog/bad-write2.ck tests/userprog/bad-write2 tests/userprog/bad-write2.result
pass tests/userprog/bad-write2
pintos -v -k -T 60 -m 20   --fs-disk=10 -p tests/userprog/bad-jump:bad-jump --swap-disk=4 -- -q   -f run bad-jump < /dev/null 2> tests/userprog/bad-jump.errors > tests/userprog/bad-jump.output
perl -I../.. ../../tests/userprog/bad-jump.ck tests/userprog/bad-jump tests/userprog/bad-jump.result
pass tests/userprog/bad-jump
pintos -v -k -T 60 -m 20   --fs-disk=10 -p tests/userprog/bad-jump2:bad-jump2 --swap-disk=4 -- -q   -f run bad-jump2 < /dev/null 2> tests/userprog/bad-jump2.errors > tests/userprog/bad-jump2.output
perl -I../.. ../../tests/userprog/bad-jump2.ck tests/userprog/bad-jump2 tests/userprog/bad-jump2.result
pass tests/userprog/bad-jump2
pintos -v -k -T 60 -m 20   --fs-disk=10 -p tests/vm/pt-grow-stack:pt-grow-stack --swap-disk=4 -- -q   -f run pt-grow-stack < /dev/null 2> tests/vm/pt-grow-stack.errors > tests/vm/pt-grow-stack.output
perl -I../.. ../../tests/vm/pt-grow-stack.ck tests/vm/pt-grow-stack tests/vm/pt-grow-stack.result
pass tests/vm/pt-grow-stack
pintos -v -k -T 60 -m 20   --fs-disk=10 -p tests/vm/pt-grow-bad:pt-grow-bad --swap-disk=4 -- -q   -f run pt-grow-bad < /dev/null 2> tests/vm/pt-grow-bad.errors > tests/vm/pt-grow-bad.output
perl -I../.. ../../tests/vm/pt-grow-bad.ck tests/vm/pt-grow-bad tests/vm/pt-grow-bad.result
pass tests/vm/pt-grow-bad
pintos -v -k -T 60 -m 20   --fs-disk=10 -p tests/vm/pt-big-stk-obj:pt-big-stk-obj --swap-disk=4 -- -q   -f run pt-big-stk-obj < /dev/null 2> tests/vm/pt-big-stk-obj.errors > tests/vm/pt-big-stk-obj.output
perl -I../.. ../../tests/vm/pt-big-stk-obj.ck tests/vm/pt-big-stk-obj tests/vm/pt-big-stk-obj.result
pass tests/vm/pt-big-stk-obj
pintos -v -k -T 60 -m 20   --fs-disk=10 -p tests/vm/pt-bad-addr:pt-bad-addr --swap-disk=4 -- -q   -f run pt-bad-addr < /dev/null 2> tests/vm/pt-bad-addr.errors > tests/vm/pt-bad-addr.output
perl -I../.. ../../tests/vm/pt-bad-addr.ck tests/vm/pt-bad-addr tests/vm/pt-bad-addr.result
pass tests/vm/pt-bad-addr
pintos -v -k -T 60 -m 20   --fs-disk=10 -p tests/vm/pt-bad-read:pt-bad-read -p ../../tests/vm/sample.txt:sample.txt --swap-disk=4 -- -q   -f run pt-bad-read < /dev/null 2> tests/vm/pt-bad-read.errors > tests/vm/pt-bad-read.output
perl -I../.. ../../tests/vm/pt-bad-read.ck tests/vm/pt-bad-read tests/vm/pt-bad-read.result
pass tests/vm/pt-bad-read
pintos -v -k -T 60 -m 20   --fs-disk=10 -p tests/vm/pt-write-code:pt-write-code --swap-disk=4 -- -q   -f run pt-write-code < /dev/null 2> tests/vm/pt-write-code.errors > tests/vm/pt-write-code.output
perl -I../.. ../../tests/vm/pt-write-code.ck tests/vm/pt-write-code tests/vm/pt-write-code.result
pass tests/vm/pt-write-code
pintos -v -k -T 60 -m 20   --fs-disk=10 -p tests/vm/pt-write-code2:pt-write-code2 -p ../../tests/vm/sample.txt:sample.txt --swap-disk=4 -- -q   -f run pt-write-code2 < /dev/null 2> tests/vm/pt-write-code2.errors > tests/vm/pt-write-code2.output
perl -I../.. ../../tests/vm/pt-write-code2.ck tests/vm/pt-write-code2 tests/vm/pt-write-code2.result
pass tests/vm/pt-write-code2
pintos -v -k -T 60 -m 20   --fs-disk=10 -p tests/vm/pt-grow-stk-sc:pt-grow-stk-sc --swap-disk=4 -- -q   -f run pt-grow-stk-sc < /dev/null 2> tests/vm/pt-grow-stk-sc.errors > tests/vm/pt-grow-stk-sc.output
perl -I../.. ../../tests/vm/pt-grow-stk-sc.ck tests/vm/pt-grow-stk-sc tests/vm/pt-grow-stk-sc.result
FAIL tests/vm/pt-grow-stk-sc
Test output failed to match any acceptable form.

Acceptable output:
  (pt-grow-stk-sc) begin
  (pt-grow-stk-sc) create "sample.txt"
  (pt-grow-stk-sc) open "sample.txt"
  (pt-grow-stk-sc) write "sample.txt"
  (pt-grow-stk-sc) 2nd open "sample.txt"
  (pt-grow-stk-sc) read "sample.txt"
  (pt-grow-stk-sc) compare written data against read data
  (pt-grow-stk-sc) end
Differences in `diff -u' format:
  (pt-grow-stk-sc) begin
  (pt-grow-stk-sc) create "sample.txt"
- (pt-grow-stk-sc) open "sample.txt"
- (pt-grow-stk-sc) write "sample.txt"
- (pt-grow-stk-sc) 2nd open "sample.txt"
- (pt-grow-stk-sc) read "sample.txt"
- (pt-grow-stk-sc) compare written data against read data
- (pt-grow-stk-sc) end

(Process exit codes are excluded for matching purposes.)
pintos -v -k -T 300 -m 20   --fs-disk=10 -p tests/vm/page-linear:page-linear --swap-disk=4 -- -q   -f run page-linear < /dev/null 2> tests/vm/page-linear.errors > tests/vm/page-linear.output
perl -I../.. ../../tests/vm/page-linear.ck tests/vm/page-linear tests/vm/page-linear.result
pass tests/vm/page-linear
pintos -v -k -T 60 -m 20   --fs-disk=10 -p tests/vm/page-parallel:page-parallel -p tests/vm/child-linear:child-linear --swap-disk=4 -- -q   -f run page-parallel < /dev/null 2> tests/vm/page-parallel.errors > tests/vm/page-parallel.output
perl -I../.. ../../tests/vm/page-parallel.ck tests/vm/page-parallel tests/vm/page-parallel.result
FAIL tests/vm/page-parallel
run: wait for child 0: FAILED
pintos -v -k -T 600 -m 20   --fs-disk=10 -p tests/vm/page-merge-seq:page-merge-seq -p tests/vm/child-sort:child-sort --swap-disk=4 -- -q   -f run page-merge-seq < /dev/null 2> tests/vm/page-merge-seq.errors > tests/vm/page-merge-seq.output
perl -I../.. ../../tests/vm/page-merge-seq.ck tests/vm/page-merge-seq tests/vm/page-merge-seq.result
FAIL tests/vm/page-merge-seq
Test output failed to match any acceptable form.

Acceptable output:
  (page-merge-seq) begin
  (page-merge-seq) init
  (page-merge-seq) sort chunk 0
  (page-merge-seq) child[0] exec
  (page-merge-seq) child[0] wait success
  (page-merge-seq) sort chunk 1
  (page-merge-seq) child[1] exec
  (page-merge-seq) child[1] wait success
  (page-merge-seq) sort chunk 2
  (page-merge-seq) child[2] exec
  (page-merge-seq) child[2] wait success
  (page-merge-seq) sort chunk 3
  (page-merge-seq) child[3] exec
  (page-merge-seq) child[3] wait success
  (page-merge-seq) sort chunk 4
  (page-merge-seq) child[4] exec
  (page-merge-seq) child[4] wait success
  (page-merge-seq) sort chunk 5
  (page-merge-seq) child[5] exec
  (page-merge-seq) child[5] wait success
  (page-merge-seq) sort chunk 6
  (page-merge-seq) child[6] exec
  (page-merge-seq) child[6] wait success
  (page-merge-seq) sort chunk 7
  (page-merge-seq) child[7] exec
  (page-merge-seq) child[7] wait success
  (page-merge-seq) sort chunk 8
  (page-merge-seq) child[8] exec
  (page-merge-seq) child[8] wait success
  (page-merge-seq) sort chunk 9
  (page-merge-seq) child[9] exec
  (page-merge-seq) child[9] wait success
  (page-merge-seq) sort chunk 10
  (page-merge-seq) child[10] exec
  (page-merge-seq) child[10] wait success
  (page-merge-seq) sort chunk 11
  (page-merge-seq) child[11] exec
  (page-merge-seq) child[11] wait success
  (page-merge-seq) sort chunk 12
  (page-merge-seq) child[12] exec
  (page-merge-seq) child[12] wait success
  (page-merge-seq) sort chunk 13
  (page-merge-seq) child[13] exec
  (page-merge-seq) child[13] wait success
  (page-merge-seq) sort chunk 14
  (page-merge-seq) child[14] exec
  (page-merge-seq) child[14] wait success
  (page-merge-seq) sort chunk 15
  (page-merge-seq) child[15] exec
  (page-merge-seq) child[15] wait success
  (page-merge-seq) merge
  (page-merge-seq) verify
  (page-merge-seq) success, buf_idx=1,032,192
  (page-merge-seq) end
Differences in `diff -u' format:
  (page-merge-seq) begin
  (page-merge-seq) init
- (page-merge-seq) sort chunk 0
- (page-merge-seq) child[0] exec
- (page-merge-seq) child[0] wait success
- (page-merge-seq) sort chunk 1
- (page-merge-seq) child[1] exec
- (page-merge-seq) child[1] wait success
- (page-merge-seq) sort chunk 2
- (page-merge-seq) child[2] exec
- (page-merge-seq) child[2] wait success
- (page-merge-seq) sort chunk 3
- (page-merge-seq) child[3] exec
- (page-merge-seq) child[3] wait success
- (page-merge-seq) sort chunk 4
- (page-merge-seq) child[4] exec
- (page-merge-seq) child[4] wait success
- (page-merge-seq) sort chunk 5
- (page-merge-seq) child[5] exec
- (page-merge-seq) child[5] wait success
- (page-merge-seq) sort chunk 6
- (page-merge-seq) child[6] exec
- (page-merge-seq) child[6] wait success
- (page-merge-seq) sort chunk 7
- (page-merge-seq) child[7] exec
- (page-merge-seq) child[7] wait success
- (page-merge-seq) sort chunk 8
- (page-merge-seq) child[8] exec
- (page-merge-seq) child[8] wait success
- (page-merge-seq) sort chunk 9
- (page-merge-seq) child[9] exec
- (page-merge-seq) child[9] wait success
- (page-merge-seq) sort chunk 10
- (page-merge-seq) child[10] exec
- (page-merge-seq) child[10] wait success
- (page-merge-seq) sort chunk 11
- (page-merge-seq) child[11] exec
- (page-merge-seq) child[11] wait success
- (page-merge-seq) sort chunk 12
- (page-merge-seq) child[12] exec
- (page-merge-seq) child[12] wait success
- (page-merge-seq) sort chunk 13
- (page-merge-seq) child[13] exec
- (page-merge-seq) child[13] wait success
- (page-merge-seq) sort chunk 14
- (page-merge-seq) child[14] exec
- (page-merge-seq) child[14] wait success
- (page-merge-seq) sort chunk 15
- (page-merge-seq) child[15] exec
- (page-merge-seq) child[15] wait success
- (page-merge-seq) merge
- (page-merge-seq) verify
- (page-merge-seq) success, buf_idx=1,032,192
- (page-merge-seq) end

(Process exit codes are excluded for matching purposes.)
pintos -v -k -T 600 -m 20   --fs-disk=10 -p tests/vm/page-merge-par:page-merge-par -p tests/vm/child-sort:child-sort --swap-disk=10 -- -q   -f run page-merge-par < /dev/null 2> tests/vm/page-merge-par.errors > tests/vm/page-merge-par.output
perl -I../.. ../../tests/vm/page-merge-par.ck tests/vm/page-merge-par tests/vm/page-merge-par.result
FAIL tests/vm/page-merge-par
run: wait for child 0: FAILED
pintos -v -k -T 60 -m 20   --fs-disk=10 -p tests/vm/page-merge-stk:page-merge-stk -p tests/vm/child-qsort:child-qsort --swap-disk=10 -- -q   -f run page-merge-stk < /dev/null 2> tests/vm/page-merge-stk.errors > tests/vm/page-merge-stk.output
